0 info it worked if it ends with ok
1 verbose cli [ 'C:\\Program Files\\nodejs\\node.exe',
1 verbose cli   'C:\\Program Files\\nodejs\\node_modules\\npm\\bin\\npm-cli.js',
1 verbose cli   'run',
1 verbose cli   'test-local' ]
2 info using npm@3.10.10
3 info using node@v6.11.2
4 verbose run-script [ 'pretest-local', 'test-local', 'posttest-local' ]
5 info lifecycle more-recipes@1.0.0~pretest-local: more-recipes@1.0.0
6 silly lifecycle more-recipes@1.0.0~pretest-local: no script for pretest-local, continuing
7 info lifecycle more-recipes@1.0.0~test-local: more-recipes@1.0.0
8 verbose lifecycle more-recipes@1.0.0~test-local: unsafe-perm in lifecycle true
9 verbose lifecycle more-recipes@1.0.0~test-local: PATH: C:\Program Files\nodejs\node_modules\npm\bin\node-gyp-bin;C:\Users\Kunle's PC\Documents\More-Recipes\node_modules\.bin;C:\ProgramData\Oracle\Java\javapath;C:\Program Files (x86)\Intel\iCLS Client\;C:\Program Files\Intel\iCLS Client\;C:\windows\system32;C:\windows;C:\windows\System32\Wbem;C:\windows\System32\WindowsPowerShell\v1.0\;C:\Program Files (x86)\Intel\Intel(R) Management Engine Components\DAL;C:\Program Files\Intel\Intel(R) Management Engine Components\DAL;C:\Program Files (x86)\Intel\Intel(R) Management Engine Components\IPT;C:\Program Files\Intel\Intel(R) Management Engine Components\IPT;c:\Program Files\Intel\WiFi\bin\;c:\Program Files\Common Files\Intel\WirelessCommon\;C:\windows\system32\config\systemprofile\.dnx\bin;C:\Program Files\Microsoft DNX\Dnvm\;C:\Program Files\Microsoft SQL Server\130\Tools\Binn\;C:\Program Files (x86)\GtkSharp\2.12\bin;C:\Program Files (x86)\Microsoft SQL Server\Client SDK\ODBC\130\Tools\Binn\;C:\Program Files (x86)\Microsoft SQL Server\130\Tools\Binn\;C:\Program Files (x86)\Microsoft SQL Server\130\DTS\Binn\;C:\Program Files (x86)\Microsoft SQL Server\130\Tools\Binn\ManagementStudio\;C:\Program Files\Microsoft SQL Server\Client SDK\ODBC\110\Tools\Binn\;C:\Program Files (x86)\Microsoft SQL Server\120\Tools\Binn\;C:\Program Files\Microsoft SQL Server\120\Tools\Binn\;C:\Program Files\Microsoft SQL Server\120\DTS\Binn\;C:\Program Files\MySQL\MySQL Utilities 1.6\;C:\Program Files\Git\cmd;C:\Program Files (x86)\Skype\Phone\;C:\xampp\php\php.exe;C:\Redis\;C:\Program Files\nodejs\;C:\PostgreSQL\pg96\bin;C:\Users\Kunle's PC\AppData\Local\Programs\Python\Python36-32\Scripts\;C:\Users\Kunle's PC\AppData\Local\Programs\Python\Python36-32\;C:\Users\Kunle's PC\AppData\Local\Microsoft\WindowsApps;C:\Program Files (x86)\Microsoft VS Code\bin;C:\xampp\php;C:\Users\Kunle's PC\Documents\KIM\fff\ffmpeg\bin;C:\Users\Kunle's PC\AppData\Roaming\npm
10 verbose lifecycle more-recipes@1.0.0~test-local: CWD: C:\Users\Kunle's PC\Documents\More-Recipes
11 silly lifecycle more-recipes@1.0.0~test-local: Args: [ '/d /s /c', 'nyc mocha --timeout 10000 tests/test.js' ]
12 silly lifecycle more-recipes@1.0.0~test-local: Returned: code: 2  signal: null
13 info lifecycle more-recipes@1.0.0~test-local: Failed to exec test-local script
14 verbose stack Error: more-recipes@1.0.0 test-local: `nyc mocha --timeout 10000 tests/test.js`
14 verbose stack Exit status 2
14 verbose stack     at EventEmitter.<anonymous> (C:\Program Files\nodejs\node_modules\npm\lib\utils\lifecycle.js:255:16)
14 verbose stack     at emitTwo (events.js:106:13)
14 verbose stack     at EventEmitter.emit (events.js:191:7)
14 verbose stack     at ChildProcess.<anonymous> (C:\Program Files\nodejs\node_modules\npm\lib\utils\spawn.js:40:14)
14 verbose stack     at emitTwo (events.js:106:13)
14 verbose stack     at ChildProcess.emit (events.js:191:7)
14 verbose stack     at maybeClose (internal/child_process.js:891:16)
14 verbose stack     at Process.ChildProcess._handle.onexit (internal/child_process.js:226:5)
15 verbose pkgid more-recipes@1.0.0
16 verbose cwd C:\Users\Kunle's PC\Documents\More-Recipes
17 error Windows_NT 10.0.14393
18 error argv "C:\\Program Files\\nodejs\\node.exe" "C:\\Program Files\\nodejs\\node_modules\\npm\\bin\\npm-cli.js" "run" "test-local"
19 error node v6.11.2
20 error npm  v3.10.10
21 error code ELIFECYCLE
22 error more-recipes@1.0.0 test-local: `nyc mocha --timeout 10000 tests/test.js`
22 error Exit status 2
23 error Failed at the more-recipes@1.0.0 test-local script 'nyc mocha --timeout 10000 tests/test.js'.
23 error Make sure you have the latest version of node.js and npm installed.
23 error If you do, this is most likely a problem with the more-recipes package,
23 error not with npm itself.
23 error Tell the author that this fails on your system:
23 error     nyc mocha --timeout 10000 tests/test.js
23 error You can get information on how to open an issue for this project with:
23 error     npm bugs more-recipes
23 error Or if that isn't available, you can get their info via:
23 error     npm owner ls more-recipes
23 error There is likely additional logging output above.
24 verbose exit [ 1, true ]
